<?xml version="1.0" encoding="UTF-8"?>
<testng-results skipped="11" failed="0" total="11" passed="0">
  <reporter-output>
  </reporter-output>
  <suite name="NESO_CallHistory" duration-ms="5353" started-at="2018-03-14T00:46:37Z" finished-at="2018-03-14T00:46:42Z">
    <groups>
    </groups>
    <test name="Login" duration-ms="34" started-at="2018-03-14T00:46:37Z" finished-at="2018-03-14T00:46:37Z">
      <class name="com.neso.testcase.LoginCase">
        <test-method status="SKIP" signature="checkLogin(java.lang.String, java.lang.String, java.lang.String)[pri:0, instance:com.neso.testcase.LoginCase@cc285f4]" name="checkLogin" duration-ms="0" started-at="2018-03-14T08:46:37Z" finished-at="2018-03-14T08:46:37Z">
          <params>
            <param index="0">
              <value>
                <![CDATA[@url@]]>
              </value>
            </param>
            <param index="1">
              <value>
                <![CDATA[@username@]]>
              </value>
            </param>
            <param index="2">
              <value>
                <![CDATA[@password@]]>
              </value>
            </param>
          </params>
          <reporter-output>
          </reporter-output>
        </test-method> <!-- checkLogin -->
      </class> <!-- com.neso.testcase.LoginCase -->
    </test> <!-- Login -->
    <test name="dataLoad" duration-ms="1" started-at="2018-03-14T00:46:39Z" finished-at="2018-03-14T00:46:39Z">
      <class name="com.neso.testcase.CallHistoryCase">
        <test-method status="SKIP" signature="checkDataLoad()[pri:0, instance:com.neso.testcase.CallHistoryCase@68c4039c]" name="checkDataLoad" duration-ms="0" started-at="2018-03-14T08:46:39Z" finished-at="2018-03-14T08:46:39Z">
          <reporter-output>
          </reporter-output>
        </test-method> <!-- checkDataLoad -->
      </class> <!-- com.neso.testcase.CallHistoryCase -->
    </test> <!-- dataLoad -->
    <test name="searchRules" duration-ms="2" started-at="2018-03-14T00:46:40Z" finished-at="2018-03-14T00:46:40Z">
      <class name="com.neso.testcase.CallHistoryCase">
        <test-method status="SKIP" signature="checkInputTypeRules()[pri:0, instance:com.neso.testcase.CallHistoryCase@3e6fa38a]" name="checkInputTypeRules" duration-ms="0" started-at="2018-03-14T08:46:40Z" finished-at="2018-03-14T08:46:40Z">
          <reporter-output>
          </reporter-output>
        </test-method> <!-- checkInputTypeRules -->
        <test-method status="SKIP" signature="checkDefaultSearch()[pri:0, instance:com.neso.testcase.CallHistoryCase@3e6fa38a]" name="checkDefaultSearch" duration-ms="0" started-at="2018-03-14T08:46:40Z" finished-at="2018-03-14T08:46:40Z">
          <reporter-output>
          </reporter-output>
        </test-method> <!-- checkDefaultSearch -->
        <test-method status="SKIP" signature="checkInputLength()[pri:0, instance:com.neso.testcase.CallHistoryCase@3e6fa38a]" name="checkInputLength" duration-ms="0" started-at="2018-03-14T08:46:40Z" finished-at="2018-03-14T08:46:40Z">
          <reporter-output>
          </reporter-output>
        </test-method> <!-- checkInputLength -->
        <test-method status="SKIP" signature="checkInputLength2()[pri:0, instance:com.neso.testcase.CallHistoryCase@3e6fa38a]" name="checkInputLength2" duration-ms="0" started-at="2018-03-14T08:46:40Z" finished-at="2018-03-14T08:46:40Z">
          <reporter-output>
          </reporter-output>
        </test-method> <!-- checkInputLength2 -->
        <test-method status="SKIP" signature="checkSearch()[pri:0, instance:com.neso.testcase.CallHistoryCase@3e6fa38a]" name="checkSearch" duration-ms="0" started-at="2018-03-14T08:46:40Z" finished-at="2018-03-14T08:46:40Z">
          <reporter-output>
          </reporter-output>
        </test-method> <!-- checkSearch -->
        <test-method status="SKIP" signature="checkLoadFollowUp()[pri:0, instance:com.neso.testcase.CallHistoryCase@3e6fa38a]" name="checkLoadFollowUp" duration-ms="0" started-at="2018-03-14T08:46:40Z" finished-at="2018-03-14T08:46:40Z">
          <reporter-output>
          </reporter-output>
        </test-method> <!-- checkLoadFollowUp -->
      </class> <!-- com.neso.testcase.CallHistoryCase -->
    </test> <!-- searchRules -->
    <test name="edit" duration-ms="1" started-at="2018-03-14T00:46:41Z" finished-at="2018-03-14T00:46:41Z">
      <class name="com.neso.testcase.CallHistoryCase">
        <test-method status="SKIP" signature="checkEditRules()[pri:0, instance:com.neso.testcase.CallHistoryCase@1bce4f0a]" name="checkEditRules" duration-ms="0" started-at="2018-03-14T08:46:41Z" finished-at="2018-03-14T08:46:41Z">
          <reporter-output>
          </reporter-output>
        </test-method> <!-- checkEditRules -->
        <test-method status="SKIP" signature="checkEdit(java.lang.String, java.lang.String)[pri:0, instance:com.neso.testcase.CallHistoryCase@1bce4f0a]" name="checkEdit" duration-ms="0" started-at="2018-03-14T08:46:41Z" finished-at="2018-03-14T08:46:41Z">
          <params>
            <param index="0">
              <value>
                <![CDATA[Sqlreadonly]]>
              </value>
            </param>
            <param index="1">
              <value>
                <![CDATA[Read4all]]>
              </value>
            </param>
          </params>
          <reporter-output>
          </reporter-output>
        </test-method> <!-- checkEdit -->
      </class> <!-- com.neso.testcase.CallHistoryCase -->
    </test> <!-- edit -->
    <test name="linkOtherPage" duration-ms="1" started-at="2018-03-14T00:46:42Z" finished-at="2018-03-14T00:46:42Z">
      <class name="com.neso.testcase.SocialMediaCase">
        <test-method status="SKIP" signature="checkLinkOtherPage(java.lang.String, java.lang.String, java.lang.String)[pri:0, instance:com.neso.testcase.SocialMediaCase@6d4b1c02]" name="checkLinkOtherPage" duration-ms="0" started-at="2018-03-14T08:46:42Z" finished-at="2018-03-14T08:46:42Z">
          <exception class="org.testng.TestNGException">
            <message>
              <![CDATA[
Parameter 'penUrl' is required by @Test on method checkLinkOtherPage but has not been marked @Optional or defined
in D:\Garre\projects\NESOAuto-git\nesoauto\bin\com\neso\testsuite\CallHistorySuite.xml]]>
            </message>
            <full-stacktrace>
              <![CDATA[org.testng.TestNGException: 
Parameter 'penUrl' is required by @Test on method checkLinkOtherPage but has not been marked @Optional or defined
in D:\Garre\projects\NESOAuto-git\nesoauto\bin\com\neso\testsuite\CallHistorySuite.xml
	at org.testng.internal.Parameters.createParameters(Parameters.java:154)
	at org.testng.internal.Parameters.createParameters(Parameters.java:361)
	at org.testng.internal.Parameters.handleParameters(Parameters.java:451)
	at org.testng.internal.Invoker.handleParameters(Invoker.java:1270)
	at org.testng.internal.Invoker.createParameters(Invoker.java:985)
	at org.testng.internal.Invoker.invokeTestMethods(Invoker.java:1075)
	at org.testng.internal.TestMethodWorker.invokeTestMethods(TestMethodWorker.java:125)
	at org.testng.internal.TestMethodWorker.run(TestMethodWorker.java:108)
	at org.testng.TestRunner.privateRun(TestRunner.java:774)
	at org.testng.TestRunner.run(TestRunner.java:624)
	at org.testng.SuiteRunner.runTest(SuiteRunner.java:359)
	at org.testng.SuiteRunner.runSequentially(SuiteRunner.java:354)
	at org.testng.SuiteRunner.privateRun(SuiteRunner.java:312)
	at org.testng.SuiteRunner.run(SuiteRunner.java:261)
	at org.testng.SuiteRunnerWorker.runSuite(SuiteRunnerWorker.java:52)
	at org.testng.SuiteRunnerWorker.run(SuiteRunnerWorker.java:86)
	at org.testng.TestNG.runSuitesSequentially(TestNG.java:1215)
	at org.testng.TestNG.runSuitesLocally(TestNG.java:1140)
	at org.testng.TestNG.run(TestNG.java:1048)
	at org.testng.TestNG.privateMain(TestNG.java:1355)
	at org.testng.TestNG.main(TestNG.java:1324)
]]>
            </full-stacktrace>
          </exception> <!-- org.testng.TestNGException -->
          <reporter-output>
          </reporter-output>
        </test-method> <!-- checkLinkOtherPage -->
      </class> <!-- com.neso.testcase.SocialMediaCase -->
      <class name="com.neso.testcase.LoginCase">
        <test-method status="FAIL" signature="init(java.lang.String, java.lang.String)[pri:0, instance:com.neso.testcase.LoginCase@cc285f4]" name="init" is-config="true" duration-ms="0" started-at="2018-03-14T08:46:37Z" finished-at="2018-03-14T08:46:37Z">
          <params>
            <param index="0">
              <value>
                <![CDATA[@browser@]]>
              </value>
            </param>
            <param index="1">
              <value>
                <![CDATA[@environment@]]>
              </value>
            </param>
          </params>
          <exception class="java.lang.NullPointerException">
            <full-stacktrace>
              <![CDATA[java.lang.NullPointerException
	at com.neso.factory.CommonUtil.initBrowser(Unknown Source)
	at com.neso.testcase.LoginCase.init(Unknown Source)
	at sun.reflect.NativeMethodAccessorImpl.invoke0(Native Method)
	at sun.reflect.NativeMethodAccessorImpl.invoke(NativeMethodAccessorImpl.java:62)
	at sun.reflect.DelegatingMethodAccessorImpl.invoke(DelegatingMethodAccessorImpl.java:43)
	at java.lang.reflect.Method.invoke(Method.java:498)
	at org.testng.internal.MethodInvocationHelper.invokeMethod(MethodInvocationHelper.java:85)
	at org.testng.internal.Invoker.invokeConfigurationMethod(Invoker.java:510)
	at org.testng.internal.Invoker.invokeConfigurations(Invoker.java:211)
	at org.testng.internal.Invoker.invokeConfigurations(Invoker.java:138)
	at org.testng.SuiteRunner.privateRun(SuiteRunner.java:298)
	at org.testng.SuiteRunner.run(SuiteRunner.java:261)
	at org.testng.SuiteRunnerWorker.runSuite(SuiteRunnerWorker.java:52)
	at org.testng.SuiteRunnerWorker.run(SuiteRunnerWorker.java:86)
	at org.testng.TestNG.runSuitesSequentially(TestNG.java:1215)
	at org.testng.TestNG.runSuitesLocally(TestNG.java:1140)
	at org.testng.TestNG.run(TestNG.java:1048)
	at org.testng.TestNG.privateMain(TestNG.java:1355)
	at org.testng.TestNG.main(TestNG.java:1324)
]]>
            </full-stacktrace>
          </exception> <!-- java.lang.NullPointerException -->
          <reporter-output>
          </reporter-output>
        </test-method> <!-- init -->
        <test-method status="SKIP" signature="close()[pri:0, instance:com.neso.testcase.LoginCase@cc285f4]" name="close" is-config="true" duration-ms="0" started-at="2018-03-14T08:46:43Z" finished-at="2018-03-14T08:46:43Z">
          <reporter-output>
          </reporter-output>
        </test-method> <!-- close -->
      </class> <!-- com.neso.testcase.LoginCase -->
    </test> <!-- linkOtherPage -->
  </suite> <!-- NESO_CallHistory -->
</testng-results>
